09-Apr-2021 05:20:50.188 INFO [main] org.apache.catalina.startup.VersionLoggerListener.log Server version:        Apache Tomcat/9.0.8
09-Apr-2021 05:20:50.192 INFO [main] org.apache.catalina.startup.VersionLoggerListener.log Server built:          Apr 27 2018 19:32:00 UTC
09-Apr-2021 05:20:50.192 INFO [main] org.apache.catalina.startup.VersionLoggerListener.log Server number:         9.0.8.0
09-Apr-2021 05:20:50.193 INFO [main] org.apache.catalina.startup.VersionLoggerListener.log OS Name:               Linux
09-Apr-2021 05:20:50.193 INFO [main] org.apache.catalina.startup.VersionLoggerListener.log OS Version:            5.4.0-54-generic
09-Apr-2021 05:20:50.193 INFO [main] org.apache.catalina.startup.VersionLoggerListener.log Architecture:          amd64
09-Apr-2021 05:20:50.193 INFO [main] org.apache.catalina.startup.VersionLoggerListener.log Java Home:             /usr/lib/jvm/java-9-openjdk-amd64
09-Apr-2021 05:20:50.193 INFO [main] org.apache.catalina.startup.VersionLoggerListener.log JVM Version:           9.0.4+12-Debian-4
09-Apr-2021 05:20:50.194 INFO [main] org.apache.catalina.startup.VersionLoggerListener.log JVM Vendor:            Oracle Corporation
09-Apr-2021 05:20:50.194 INFO [main] org.apache.catalina.startup.VersionLoggerListener.log CATALINA_BASE:         /usr/local/tomcat
09-Apr-2021 05:20:50.194 INFO [main] org.apache.catalina.startup.VersionLoggerListener.log CATALINA_HOME:         /usr/local/tomcat
09-Apr-2021 05:20:50.194 INFO [main] org.apache.catalina.startup.VersionLoggerListener.log Command line argument: --add-opens=java.base/java.lang=ALL-UNNAMED
09-Apr-2021 05:20:50.195 INFO [main] org.apache.catalina.startup.VersionLoggerListener.log Command line argument: --add-opens=java.base/java.io=ALL-UNNAMED
09-Apr-2021 05:20:50.195 INFO [main] org.apache.catalina.startup.VersionLoggerListener.log Command line argument: --add-opens=java.rmi/sun.rmi.transport=ALL-UNNAMED
09-Apr-2021 05:20:50.195 INFO [main] org.apache.catalina.startup.VersionLoggerListener.log Command line argument: -Djava.util.logging.config.file=/usr/local/tomcat/conf/logging.properties
09-Apr-2021 05:20:50.195 INFO [main] org.apache.catalina.startup.VersionLoggerListener.log Command line argument: -Djava.util.logging.manager=org.apache.juli.ClassLoaderLogManager
09-Apr-2021 05:20:50.195 INFO [main] org.apache.catalina.startup.VersionLoggerListener.log Command line argument: -Djdk.tls.ephemeralDHKeySize=2048
09-Apr-2021 05:20:50.196 INFO [main] org.apache.catalina.startup.VersionLoggerListener.log Command line argument: -Djava.protocol.handler.pkgs=org.apache.catalina.webresources
09-Apr-2021 05:20:50.196 INFO [main] org.apache.catalina.startup.VersionLoggerListener.log Command line argument: -Dorg.apache.catalina.security.SecurityListener.UMASK=0027
09-Apr-2021 05:20:50.196 INFO [main] org.apache.catalina.startup.VersionLoggerListener.log Command line argument: -Dignore.endorsed.dirs=
09-Apr-2021 05:20:50.196 INFO [main] org.apache.catalina.startup.VersionLoggerListener.log Command line argument: -Dcatalina.base=/usr/local/tomcat
09-Apr-2021 05:20:50.196 INFO [main] org.apache.catalina.startup.VersionLoggerListener.log Command line argument: -Dcatalina.home=/usr/local/tomcat
09-Apr-2021 05:20:50.197 INFO [main] org.apache.catalina.startup.VersionLoggerListener.log Command line argument: -Djava.io.tmpdir=/usr/local/tomcat/temp
09-Apr-2021 05:20:50.197 INFO [main] org.apache.catalina.core.AprLifecycleListener.lifecycleEvent Loaded APR based Apache Tomcat Native library [1.2.16] using APR version [1.6.3].
09-Apr-2021 05:20:50.197 INFO [main] org.apache.catalina.core.AprLifecycleListener.lifecycleEvent APR capabilities: IPv6 [true], sendfile [true], accept filters [false], random [true].
09-Apr-2021 05:20:50.197 INFO [main] org.apache.catalina.core.AprLifecycleListener.lifecycleEvent APR/OpenSSL configuration: useAprConnector [false], useOpenSSL [true]
09-Apr-2021 05:20:50.200 INFO [main] org.apache.catalina.core.AprLifecycleListener.initializeSSL OpenSSL successfully initialized [OpenSSL 1.1.0h  27 Mar 2018]
09-Apr-2021 05:20:50.233 INFO [main] org.apache.coyote.AbstractProtocol.init Initializing ProtocolHandler ["http-nio-8080"]
09-Apr-2021 05:20:50.244 INFO [main] org.apache.tomcat.util.net.NioSelectorPool.getSharedSelector Using a shared selector for servlet write/read
09-Apr-2021 05:20:50.250 INFO [main] org.apache.coyote.AbstractProtocol.init Initializing ProtocolHandler ["ajp-nio-8009"]
09-Apr-2021 05:20:50.251 INFO [main] org.apache.tomcat.util.net.NioSelectorPool.getSharedSelector Using a shared selector for servlet write/read
09-Apr-2021 05:20:50.251 INFO [main] org.apache.catalina.startup.Catalina.load Initialization processed in 430 ms
09-Apr-2021 05:20:50.288 INFO [main] org.apache.catalina.core.StandardService.startInternal Starting service [Catalina]
09-Apr-2021 05:20:50.289 INFO [main] org.apache.catalina.core.StandardEngine.startInternal Starting Servlet Engine: Apache Tomcat/9.0.8
09-Apr-2021 05:20:50.304 INFO [main] org.apache.catalina.startup.HostConfig.deployWAR Deploying web application archive [/usr/local/tomcat/webapps/ROOT.war]
09-Apr-2021 05:20:51.357 INFO [main] org.apache.jasper.servlet.TldScanner.scanJars At least one JAR was scanned for TLDs yet contained no TLDs. Enable debug logging for this logger for a complete list of JARs that were scanned but no TLDs were found in them. Skipping unneeded JARs during scanning can improve startup time and JSP compilation time.
09-Apr-2021 05:20:54.195 INFO [main] org.apache.catalina.startup.HostConfig.deployWAR Deployment of web application archive [/usr/local/tomcat/webapps/ROOT.war] has finished in [3,890] ms
09-Apr-2021 05:20:54.196 INFO [main] org.apache.catalina.startup.HostConfig.deployDirectory Deploying web application directory [/usr/local/tomcat/webapps/host-manager]
09-Apr-2021 05:20:54.218 INFO [main] org.apache.catalina.startup.HostConfig.deployDirectory Deployment of web application directory [/usr/local/tomcat/webapps/host-manager] has finished in [23] ms
09-Apr-2021 05:20:54.219 INFO [main] org.apache.catalina.startup.HostConfig.deployDirectory Deploying web application directory [/usr/local/tomcat/webapps/docs]
09-Apr-2021 05:20:54.233 INFO [main] org.apache.catalina.startup.HostConfig.deployDirectory Deployment of web application directory [/usr/local/tomcat/webapps/docs] has finished in [14] ms
09-Apr-2021 05:20:54.233 INFO [main] org.apache.catalina.startup.HostConfig.deployDirectory Deploying web application directory [/usr/local/tomcat/webapps/manager]
09-Apr-2021 05:20:54.251 INFO [main] org.apache.catalina.startup.HostConfig.deployDirectory Deployment of web application directory [/usr/local/tomcat/webapps/manager] has finished in [18] ms
09-Apr-2021 05:20:54.251 INFO [main] org.apache.catalina.startup.HostConfig.deployDirectory Deploying web application directory [/usr/local/tomcat/webapps/examples]
09-Apr-2021 05:20:54.388 INFO [main] org.apache.catalina.startup.HostConfig.deployDirectory Deployment of web application directory [/usr/local/tomcat/webapps/examples] has finished in [137] ms
09-Apr-2021 05:20:54.394 INFO [main] org.apache.coyote.AbstractProtocol.start Starting ProtocolHandler ["http-nio-8080"]
09-Apr-2021 05:20:54.443 INFO [main] org.apache.coyote.AbstractProtocol.start Starting ProtocolHandler ["ajp-nio-8009"]
09-Apr-2021 05:20:54.473 INFO [main] org.apache.catalina.startup.Catalina.start Server startup in 4221 ms
